Unity Editor version:    2020.3.17f1 (a4537701e4ab)
Branch:                  2020.3/staging
Build type:              Release
Batch mode:              YES
macOS version:           Version 11.6 (Build 20G165)
Darwin version:          20.6.0
Architecture:            x86_64
Running under Rosetta:   NO
Available memory:        8192 MB
Using pre-set license
Pro License: NO

COMMAND LINE ARGUMENTS:
/Volumes/Jane/2020.3.17f1/Unity.app/Contents/MacOS/Unity
-adb2
-batchMode
-noUpm
-name
AssetImportWorker39
-projectPath
/Volumes/Jane/RowingRush_hanium_android-main/RowingRush_multiplay
-logFile
Logs/AssetImportWorker39.log
-srvPort
50461
Successfully changed project path to: /Volumes/Jane/RowingRush_hanium_android-main/RowingRush_multiplay
/Volumes/Jane/RowingRush_hanium_android-main/RowingRush_multiplay
Using Asset Import Pipeline V2.
Refreshing native plugins compatible for Editor in 304.64 ms, found 3 plugins.
Preloading 1 native plugins for Editor in 46.33 ms.
Initialize engine version: 2020.3.17f1 (a4537701e4ab)
[Subsystems] Discovering subsystems at path /Volumes/Jane/2020.3.17f1/Unity.app/Contents/Resources/UnitySubsystems
[Subsystems] Discovering subsystems at path /Volumes/Jane/RowingRush_hanium_android-main/RowingRush_multiplay/Assets
GfxDevice: creating device client; threaded=0
2021-11-04 00:59:50.514 Unity[16421:160607] Color LCD preferred device: Intel(R) Iris(TM) Graphics 6100 (low power)
2021-11-04 00:59:50.514 Unity[16421:160607] Metal devices available: 1
2021-11-04 00:59:50.514 Unity[16421:160607] 0: Intel(R) Iris(TM) Graphics 6100 (low power)
2021-11-04 00:59:50.515 Unity[16421:160607] Using device Intel(R) Iris(TM) Graphics 6100 (low power)
Initializing Metal device caps: Intel(R) Iris(TM) Graphics 6100
Initialize mono
Mono path[0] = '/Volumes/Jane/2020.3.17f1/Unity.app/Contents/Managed'
Mono path[1] = '/Volumes/Jane/2020.3.17f1/Unity.app/Contents/MonoBleedingEdge/lib/mono/unityjit'
Mono config path = '/Volumes/Jane/2020.3.17f1/Unity.app/Contents/MonoBleedingEdge/etc'
Using monoOptions --debugger-agent=transport=dt_socket,embedding=1,server=y,suspend=n,address=127.0.0.1:56421
Begin MonoManager ReloadAssembly
Registering precompiled unity dll's ...
Register platform support module: /Volumes/Jane/2020.3.17f1/Unity.app/Contents/PlaybackEngines/MacStandaloneSupport/UnityEditor.OSXStandalone.Extensions.dll
Register platform support module: /Volumes/Jane/2020.3.17f1/PlaybackEngines/WindowsStandaloneSupport/UnityEditor.WindowsStandalone.Extensions.dll
Registered in 0.110948 seconds.
Native extension for WindowsStandalone target not found
Native extension for OSXStandalone target not found
Refreshing native plugins compatible for Editor in 144.27 ms, found 3 plugins.
Preloading 1 native plugins for Editor in 0.93 ms.
Mono: successfully reloaded assembly
- Completed reload, in  6.013 seconds
Domain Reload Profiling:
	ReloadAssembly (6014ms)
		BeginReloadAssembly (288ms)
			ExecutionOrderSort (0ms)
			DisableScriptedObjects (0ms)
			BackupInstance (0ms)
			ReleaseScriptingObjects (0ms)
			CreateAndSetChildDomain (3ms)
		EndReloadAssembly (1039ms)
			LoadAssemblies (455ms)
			RebuildTransferFunctionScriptingTraits (0ms)
			SetupTypeCache (299ms)
			ReleaseScriptCaches (0ms)
			RebuildScriptCaches (62ms)
			SetupLoadedEditorAssemblies (422ms)
				LogAssemblyErrors (0ms)
				InitializePlatformSupportModulesInManaged (7ms)
				SetLoadedEditorAssemblies (0ms)
				RefreshPlugins (145ms)
				BeforeProcessingInitializeOnLoad (44ms)
				ProcessInitializeOnLoadAttributes (150ms)
				ProcessInitializeOnLoadMethodAttributes (75ms)
				AfterProcessingInitializeOnLoad (0ms)
				EditorAssembliesLoaded (0ms)
			ExecutionOrderSort2 (0ms)
			AwakeInstancesAfterBackupRestoration (0ms)
Platform modules already initialized, skipping
Registering precompiled user dll's ...
Registered in 1.167296 seconds.
