Unity Editor version:    2020.3.17f1 (a4537701e4ab)
Branch:                  2020.3/staging
Build type:              Release
Batch mode:              YES
macOS version:           Version 11.6 (Build 20G165)
Darwin version:          20.6.0
Architecture:            x86_64
Running under Rosetta:   NO
Available memory:        8192 MB
Using pre-set license
Pro License: NO

COMMAND LINE ARGUMENTS:
/Volumes/Jane/2020.3.17f1/Unity.app/Contents/MacOS/Unity
-adb2
-batchMode
-noUpm
-name
AssetImportWorker2
-projectPath
/Volumes/Jane/GitHub/RowingRush_MultiPlay/RowingRush
-logFile
Logs/AssetImportWorker2.log
-srvPort
49939
Successfully changed project path to: /Volumes/Jane/GitHub/RowingRush_MultiPlay/RowingRush
/Volumes/Jane/GitHub/RowingRush_MultiPlay/RowingRush
Using Asset Import Pipeline V2.
